Connected with result code 0
On Subscribed: qos = 0
主题:PC002 消息:on
Waking up 08:BF:B8:A6:7C:E2...
{"code":"40212","status":"topic error"}
主题:PC002 消息:s
主题:PC002 消息:s
主题:PC002 消息:s
主题:PC002 消息:s
主题:PC002 消息:s
主题:PC002 消息:s
主题:PC002 消息:s
主题:PC002 消息:s
主题:PC002 消息:s
主题:PC002 消息:s
主题:PC002 消息:s
主题:PC002 消息:s
主题:PC002 消息:s
主题:PC002 消息:s
主题:PC002 消息:s
主题:PC002 消息:s
主题:PC002 消息:s
主题:PC002 消息:s
主题:PC002 消息:s
主题:PC002 消息:s
主题:PC002 消息:s
主题:PC002 消息:s
主题:PC002 消息:s
主题:PC002 消息:s
主题:PC002 消息:s
主题:PC002 消息:s
主题:PC002 消息:s
主题:PC002 消息:s
主题:PC002 消息:s
主题:PC002 消息:s
主题:PC002 消息:s
主题:PC002 消息:s
主题:PC002 消息:s
主题:PC002 消息:s
主题:PC002 消息:s
主题:PC002 消息:s
主题:PC002 消息:s
主题:PC002 消息:s
主题:PC002 消息:s
主题:PC002 消息:s
主题:PC002 消息:s
主题:PC002 消息:s
主题:PC002 消息:s
主题:PC002 消息:s
主题:PC002 消息:s
主题:PC002 消息:s
主题:PC002 消息:s
主题:PC002 消息:s
主题:PC002 消息:s
主题:PC002 消息:s
主题:PC002 消息:s
主题:PC002 消息:s
主题:PC002 消息:s
主题:PC002 消息:s
主题:PC002 消息:s
主题:PC002 消息:s
主题:PC002 消息:s
主题:PC002 消息:s
主题:PC002 消息:s
主题:PC002 消息:s
主题:PC002 消息:s
主题:PC002 消息:s
主题:PC002 消息:s
主题:PC002 消息:s
主题:PC002 消息:s
主题:PC002 消息:s
主题:PC002 消息:s
主题:PC002 消息:s
主题:PC002 消息:s
主题:PC002 消息:s
主题:PC002 消息:s
主题:PC002 消息:s
主题:PC002 消息:s
主题:PC002 消息:s
主题:PC002 消息:s
